md5sum: /bin: Is a directory
md5sum: /etc: Is a directory
md5sum: /etc/nginx: Is a directory
md5sum: /etc/nginx/sites-available: Is a directory
md5sum: /etc/nginx/conf.d: Is a directory
md5sum: /etc/nginx/modules-available: Is a directory
md5sum: /etc/nginx/snippets: Is a directory
md5sum: /etc/nginx/sites-enabled: Is a directory
md5sum: /etc/nginx/modules-enabled: Is a directory
md5sum: /etc/alternatives: Is a directory
md5sum: /etc/xdg: Is a directory
md5sum: /etc/xdg/xfce4: Is a directory
md5sum: /etc/xdg/xfce4/panel: Is a directory
md5sum: /etc/xdg/xfce4/xfconf: Is a directory
md5sum: /etc/xdg/xfce4/whiskermenu: Is a directory
md5sum: /etc/xdg/Thunar: Is a directory
md5sum: /etc/xdg/menus: Is a directory
md5sum: /etc/xdg/systemd: Is a directory
md5sum: /etc/xdg/systemd/user: Is a directory
md5sum: /etc/xdg/autostart: Is a directory
md5sum: /etc/grub.d: Is a directory
md5sum: /etc/gss: Is a directory
md5sum: /etc/gss/mech.d: Is a directory
md5sum: /etc/apt: Is a directory
md5sum: /etc/apt/sources.list.d: Is a directory
md5sum: /etc/apt/preferences.d: Is a directory
md5sum: /etc/apt/trusted.gpg.d: Is a directory
md5sum: /etc/apt/auth.conf.d: Is a directory
md5sum: /etc/apt/apt.conf.d: Is a directory
md5sum: /etc/rc2.d: Is a directory
md5sum: /etc/logrotate.d: Is a directory
md5sum: /etc/cron.d: Is a directory
md5sum: /etc/selinux: Is a directory
md5sum: /etc/gdb: Is a directory
md5sum: /etc/perl: Is a directory
md5sum: /etc/perl/Net: Is a directory
md5sum: /etc/perl/CPAN: Is a directory
md5sum: /etc/ld.so.conf.d: Is a directory
md5sum: /etc/firefox: Is a directory
md5sum: /etc/xinetd.d: Is a directory
md5sum: /etc/xml: Is a directory
md5sum: /etc/rc4.d: Is a directory
md5sum: /etc/update-motd.d: Is a directory
md5sum: /etc/snort: Is a directory
md5sum: /etc/snort/rules: Is a directory
md5sum: /etc/proftpd: Is a directory
md5sum: /etc/proftpd/conf.d: Is a directory
md5sum: /etc/python: Is a directory
md5sum: /etc/cron.weekly: Is a directory
md5sum: /etc/ubuntu-advantage: Is a directory
md5sum: /etc/sane.d: Is a directory
md5sum: /etc/sane.d/dll.d: Is a directory
md5sum: /etc/networkd-dispatcher: Is a directory
md5sum: /etc/networkd-dispatcher/dormant.d: Is a directory
md5sum: /etc/networkd-dispatcher/no-carrier.d: Is a directory
md5sum: /etc/networkd-dispatcher/routable.d: Is a directory
md5sum: /etc/networkd-dispatcher/off.d: Is a directory
md5sum: /etc/dib-manifests: Is a directory
md5sum: /etc/network: Is a directory
md5sum: /etc/network/if-post-down.d: Is a directory
md5sum: /etc/network/if-up.d: Is a directory
md5sum: /etc/network/if-pre-up.d: Is a directory
md5sum: /etc/network/if-down.d: Is a directory
md5sum: /etc/libblockdev: Is a directory
md5sum: /etc/libblockdev/conf.d: Is a directory
md5sum: /etc/depmod.d: Is a directory
md5sum: /etc/cron.monthly: Is a directory
md5sum: /etc/iproute2: Is a directory
md5sum: /etc/iproute2/rt_protos.d: Is a directory
md5sum: /etc/iproute2/rt_tables.d: Is a directory
md5sum: /etc/wireshark: Is a directory
md5sum: /etc/terminfo: Is a directory
md5sum: /etc/gtk-2.0: Is a directory
md5sum: /etc/gdm3: Is a directory
md5sum: /etc/gdm3/Prime: Is a directory
md5sum: /etc/gdm3/PostLogin: Is a directory
md5sum: /etc/gdm3/PreSession: Is a directory
md5sum: /etc/gdm3/PrimeOff: Is a directory
md5sum: /etc/gdm3/Init: Is a directory
md5sum: /etc/gdm3/PostSession: Is a directory
md5sum: /etc/newt: Is a directory
md5sum: /etc/init.d: Is a directory
md5sum: /etc/rcS.d: Is a directory
md5sum: /etc/vim: Is a directory
md5sum: /etc/fonts: Is a directory
md5sum: /etc/fonts/conf.d: Is a directory
md5sum: /etc/fonts/conf.avail: Is a directory
md5sum: /etc/dpkg: Is a directory
md5sum: /etc/dpkg/dpkg.cfg.d: Is a directory
md5sum: /etc/dpkg/origins: Is a directory
md5sum: /etc/pam.d: Is a directory
md5sum: /etc/python3.6: Is a directory
md5sum: /etc/xfce4: Is a directory
md5sum: /etc/xrdp: Is a directory
md5sum: /etc/xrdp/pulse: Is a directory
md5sum: /etc/tigervnc: Is a directory
md5sum: /etc/python3: Is a directory
md5sum: /etc/binfmt.d: Is a directory
md5sum: /etc/sgml: Is a directory
md5sum: /etc/wpa_supplicant: Is a directory
md5sum: /etc/cryptsetup-initramfs: Is a directory
md5sum: /etc/security: Is a directory
md5sum: /etc/security/namespace.d: Is a directory
md5sum: /etc/security/limits.d: Is a directory
md5sum: /etc/insserv.conf.d: Is a directory
md5sum: /etc/rc1.d: Is a directory
md5sum: /etc/dkms: Is a directory
md5sum: /etc/dkms/template-dkms-mkdsc: Is a directory
md5sum: /etc/dkms/template-dkms-mkbmdeb: Is a directory
md5sum: /etc/dkms/template-dkms-mkbmdeb/debian: Is a directory
md5sum: /etc/dkms/template-dkms-mkdeb: Is a directory
md5sum: /etc/dkms/template-dkms-mkdeb/debian: Is a directory
md5sum: /etc/logcheck: Is a directory
md5sum: /etc/logcheck/violations.d: Is a directory
md5sum: /etc/logcheck/ignore.d.server: Is a directory
md5sum: /etc/glvnd: Is a directory
md5sum: /etc/glvnd/egl_vendor.d: Is a directory
md5sum: /etc/pulse: Is a directory
md5sum: /etc/console-setup: Is a directory
md5sum: /etc/rc5.d: Is a directory
md5sum: /etc/UPower: Is a directory
md5sum: /etc/ghostscript: Is a directory
md5sum: /etc/ghostscript/fontmap.d: Is a directory
md5sum: /etc/ghostscript/cidfmap.d: Is a directory
md5sum: /etc/modules-load.d: Is a directory
md5sum: /etc/calendar: Is a directory
md5sum: /etc/cloud: Is a directory
md5sum: /etc/cloud/clean.d: Is a directory
md5sum: /etc/cloud/templates: Is a directory
md5sum: /etc/cloud/cloud.cfg.d: Is a directory
md5sum: /etc/dictionaries-common: Is a directory
md5sum: /etc/ssh: Is a directory
md5sum: /etc/udev: Is a directory
md5sum: /etc/udev/hwdb.d: Is a directory
md5sum: /etc/udev/rules.d: Is a directory
md5sum: /etc/iscsi: Is a directory
md5sum: /etc/sos: Is a directory
md5sum: /etc/sos/cleaner: Is a directory
md5sum: /etc/sos/presets.d: Is a directory
md5sum: /etc/sos/groups.d: Is a directory
md5sum: /etc/sos/extras.d: Is a directory
md5sum: /etc/modprobe.d: Is a directory
md5sum: /etc/cron.hourly: Is a directory
md5sum: /etc/libnl-3: Is a directory
md5sum: /etc/X11: Is a directory
md5sum: /etc/X11/xinit: Is a directory
md5sum: /etc/X11/xkb: Is a directory
md5sum: /etc/X11/xsm: Is a directory
md5sum: /etc/X11/app-defaults: Is a directory
md5sum: /etc/X11/fonts: Is a directory
md5sum: /etc/X11/fonts/misc: Is a directory
md5sum: /etc/X11/Xsession.d: Is a directory
md5sum: /etc/X11/xrdp: Is a directory
md5sum: /etc/X11/Xreset.d: Is a directory
md5sum: /etc/X11/Xresources: Is a directory
md5sum: /etc/rc3.d: Is a directory
md5sum: /etc/john: Is a directory
md5sum: /etc/NetworkManager: Is a directory
md5sum: /etc/NetworkManager/conf.d: Is a directory
md5sum: /etc/NetworkManager/system-connections: Is a directory
md5sum: /etc/NetworkManager/dispatcher.d: Is a directory
md5sum: /etc/NetworkManager/dispatcher.d/pre-down.d: Is a directory
md5sum: /etc/NetworkManager/dispatcher.d/pre-up.d: Is a directory
md5sum: /etc/NetworkManager/dispatcher.d/no-wait.d: Is a directory
md5sum: /etc/NetworkManager/dnsmasq.d: Is a directory
md5sum: /etc/NetworkManager/dnsmasq-shared.d: Is a directory
md5sum: /etc/skel: Is a directory
md5sum: /etc/landscape: Is a directory
md5sum: /etc/python2.7: Is a directory
md5sum: /etc/ufw: Is a directory
md5sum: /etc/ufw/applications.d: Is a directory
md5sum: /etc/openvpn: Is a directory
md5sum: /etc/openvpn/client: Is a directory
md5sum: /etc/openvpn/server: Is a directory
md5sum: /etc/byobu: Is a directory
md5sum: /etc/vmware-tools: Is a directory
md5sum: /etc/vmware-tools/scripts: Is a directory
md5sum: /etc/vmware-tools/scripts/vmware: Is a directory
md5sum: /etc/vmware-tools/vgauth: Is a directory
md5sum: /etc/vmware-tools/vgauth/schemas: Is a directory
md5sum: /etc/initramfs-tools: Is a directory
md5sum: /etc/initramfs-tools/scripts: Is a directory
md5sum: /etc/initramfs-tools/scripts/init-bottom: Is a directory
md5sum: /etc/initramfs-tools/scripts/local-premount: Is a directory
md5sum: /etc/initramfs-tools/scripts/nfs-top: Is a directory
md5sum: /etc/initramfs-tools/scripts/nfs-premount: Is a directory
md5sum: /etc/initramfs-tools/scripts/init-top: Is a directory
md5sum: /etc/initramfs-tools/scripts/local-top: Is a directory
md5sum: /etc/initramfs-tools/scripts/nfs-bottom: Is a directory
md5sum: /etc/initramfs-tools/scripts/init-premount: Is a directory
md5sum: /etc/initramfs-tools/scripts/local-bottom: Is a directory
md5sum: /etc/initramfs-tools/scripts/panic: Is a directory
md5sum: /etc/initramfs-tools/conf.d: Is a directory
md5sum: /etc/initramfs-tools/hooks: Is a directory
md5sum: /etc/ldap: Is a directory
md5sum: /etc/lvm: Is a directory
md5sum: /etc/lvm/profile: Is a directory
md5sum: /etc/tmpfiles.d: Is a directory
md5sum: /etc/dnsmasq.d-available: Is a directory
md5sum: /etc/udisks2: Is a directory
md5sum: /etc/update-manager: Is a directory
md5sum: /etc/update-manager/release-upgrades.d: Is a directory
md5sum: /etc/cron.daily: Is a directory
md5sum: /etc/systemd: Is a directory
md5sum: /etc/systemd/network: Is a directory
md5sum: /etc/systemd/user: Is a directory
md5sum: /etc/systemd/system: Is a directory
md5sum: /etc/systemd/system/timers.target.wants: Is a directory
md5sum: /etc/systemd/system/sockets.target.wants: Is a directory
md5sum: /etc/systemd/system/display-manager.service.wants: Is a directory
md5sum: /etc/systemd/system/oem-config.service.wants: Is a directory
md5sum: /etc/systemd/system/default.target.wants: Is a directory
md5sum: /etc/systemd/system/getty.target.wants: Is a directory
md5sum: /etc/systemd/system/paths.target.wants: Is a directory
md5sum: /etc/systemd/system/cloud-final.service.wants: Is a directory
md5sum: /etc/systemd/system/graphical.target.wants: Is a directory
md5sum: /etc/systemd/system/cloud-init.target.wants: Is a directory
md5sum: /etc/systemd/system/network-online.target.wants: Is a directory
md5sum: /etc/systemd/system/final.target.wants: Is a directory
md5sum: /etc/systemd/system/open-vm-tools.service.requires: Is a directory
md5sum: /etc/systemd/system/sshd-keygen@.service.d: Is a directory
md5sum: /etc/systemd/system/multi-user.target.wants: Is a directory
md5sum: /etc/systemd/system/sysinit.target.wants: Is a directory
md5sum: /etc/sensors.d: Is a directory
md5sum: /etc/bash_completion.d: Is a directory
md5sum: /etc/gnome: Is a directory
md5sum: /etc/emacs: Is a directory
md5sum: /etc/emacs/site-start.d: Is a directory
md5sum: /etc/pm: Is a directory
md5sum: /etc/pm/sleep.d: Is a directory
md5sum: /etc/ca-certificates: Is a directory
md5sum: /etc/ca-certificates/update.d: Is a directory
md5sum: /etc/acpi: Is a directory
md5sum: /etc/acpi/events: Is a directory
md5sum: /etc/kernel: Is a directory
md5sum: /etc/kernel/prerm.d: Is a directory
md5sum: /etc/kernel/header_postinst.d: Is a directory
md5sum: /etc/kernel/preinst.d: Is a directory
md5sum: /etc/kernel/install.d: Is a directory
md5sum: /etc/kernel/postinst.d: Is a directory
md5sum: /etc/kernel/postrm.d: Is a directory
md5sum: /etc/apparmor.d: Is a directory
md5sum: /etc/apparmor.d/abstractions: Is a directory
md5sum: /etc/apparmor.d/abstractions/ubuntu-browsers.d: Is a directory
md5sum: /etc/apparmor.d/abstractions/apparmor_api: Is a directory
md5sum: /etc/apparmor.d/abstractions/lxc: Is a directory
md5sum: /etc/apparmor.d/cache: Is a directory
md5sum: /etc/apparmor.d/tunables: Is a directory
md5sum: /etc/apparmor.d/tunables/home.d: Is a directory
md5sum: /etc/apparmor.d/tunables/multiarch.d: Is a directory
md5sum: /etc/apparmor.d/tunables/xdg-user-dirs.d: Is a directory
md5sum: /etc/apparmor.d/local: Is a directory
md5sum: /etc/apparmor.d/lxc: Is a directory
md5sum: /etc/apparmor.d/disable: Is a directory
md5sum: /etc/apparmor.d/force-complain: Is a directory
md5sum: /etc/ifplugd: Is a directory
md5sum: /etc/ifplugd/action.d: Is a directory
md5sum: /etc/profile.d: Is a directory
md5sum: /etc/default: Is a directory
md5sum: /etc/default/grub.d: Is a directory
md5sum: /etc/pollinate: Is a directory
md5sum: /etc/init: Is a directory
md5sum: /etc/polkit-1: Is a directory
md5sum: /etc/polkit-1/nullbackend.conf.d: Is a directory
md5sum: /etc/polkit-1/localauthority.conf.d: Is a directory
md5sum: /etc/apparmor: Is a directory
md5sum: /etc/apparmor/init: Is a directory
md5sum: /etc/apparmor/init/network-interface-security: Is a directory
md5sum: /etc/dnsmasq.d: Is a directory
md5sum: /etc/rc0.d: Is a directory
md5sum: /etc/update-notifier: Is a directory
md5sum: /etc/libpaper.d: Is a directory
md5sum: /etc/qemu: Is a directory
md5sum: /etc/qemu/fsfreeze-hook.d: Is a directory
md5sum: /etc/geoclue: Is a directory
md5sum: /etc/mdadm: Is a directory
md5sum: /etc/opt: Is a directory
md5sum: /etc/apm: Is a directory
md5sum: /etc/apm/scripts.d: Is a directory
md5sum: /etc/apm/resume.d: Is a directory
md5sum: /etc/apm/suspend.d: Is a directory
md5sum: /etc/apm/event.d: Is a directory
md5sum: /etc/apport: Is a directory
md5sum: /etc/apport/native-origins.d: Is a directory
md5sum: /etc/apport/blacklist.d: Is a directory
md5sum: /etc/groff: Is a directory
md5sum: /etc/dhcp: Is a directory
md5sum: /etc/dhcp/dhclient-enter-hooks.d: Is a directory
md5sum: /etc/dhcp/dhclient-exit-hooks.d: Is a directory
md5sum: /etc/rsyslog.d: Is a directory
md5sum: /etc/dbus-1: Is a directory
md5sum: /etc/dbus-1/system.d: Is a directory
md5sum: /etc/dbus-1/session.d: Is a directory
md5sum: /etc/p0f: Is a directory
md5sum: /etc/netplan: Is a directory
md5sum: /etc/rc6.d: Is a directory
md5sum: /etc/ssl: Is a directory
md5sum: /etc/ssl/certs: Is a directory
md5sum: /etc/cupshelpers: Is a directory
md5sum: /etc/PackageKit: Is a directory
md5sum: /etc/sysctl.d: Is a directory
md5sum: /etc/gtk-3.0: Is a directory
md5sum: /var: Is a directory
md5sum: /var/cache: Is a directory
md5sum: /var/cache/apt: Is a directory
md5sum: /var/cache/apt/archives: Is a directory
md5sum: /var/cache/gdm: Is a directory
md5sum: /var/cache/fontconfig: Is a directory
md5sum: /var/cache/man: Is a directory
md5sum: /var/cache/man/pt_BR: Is a directory
md5sum: /var/cache/man/zh_CN: Is a directory
md5sum: /var/cache/man/cat1: Is a directory
md5sum: /var/cache/man/fr: Is a directory
md5sum: /var/cache/man/pl: Is a directory
md5sum: /var/cache/man/pt: Is a directory
md5sum: /var/cache/man/ja: Is a directory
md5sum: /var/cache/man/de.UTF-8: Is a directory
md5sum: /var/cache/man/ko: Is a directory
md5sum: /var/cache/man/cat6: Is a directory
md5sum: /var/cache/man/zh_TW: Is a directory
md5sum: /var/cache/man/hu: Is a directory
md5sum: /var/cache/man/ru: Is a directory
md5sum: /var/cache/man/cat7: Is a directory
md5sum: /var/cache/man/da: Is a directory
md5sum: /var/cache/man/cat5: Is a directory
md5sum: /var/cache/man/cat9: Is a directory
md5sum: /var/cache/man/sl: Is a directory
md5sum: /var/cache/man/id: Is a directory
md5sum: /var/cache/man/cs: Is a directory
md5sum: /var/cache/man/cat3: Is a directory
md5sum: /var/cache/man/cat8: Is a directory
md5sum: /var/cache/man/sv: Is a directory
md5sum: /var/cache/man/sr: Is a directory
md5sum: /var/cache/man/hr: Is a directory
md5sum: /var/cache/man/fr.ISO8859-1: Is a directory
md5sum: /var/cache/man/nl: Is a directory
md5sum: /var/cache/man/ro: Is a directory
md5sum: /var/cache/man/zh: Is a directory
md5sum: /var/cache/man/ja.UTF-8: Is a directory
md5sum: /var/cache/man/cat2: Is a directory
md5sum: /var/cache/man/sk: Is a directory
md5sum: /var/cache/man/de: Is a directory
md5sum: /var/cache/man/fi: Is a directory
md5sum: /var/cache/man/fr.UTF-8: Is a directory
md5sum: /var/cache/man/cat4: Is a directory
md5sum: /var/cache/man/es: Is a directory
md5sum: /var/cache/man/tr: Is a directory
md5sum: /var/cache/man/it: Is a directory
md5sum: /var/cache/debconf: Is a directory
md5sum: /var/cache/dictionaries-common: Is a directory
md5sum: /var/cache/locate: Is a directory
md5sum: /var/cache/pollinate: Is a directory
md5sum: /var/cache/apparmor: Is a directory
md5sum: /var/cache/snapd: Is a directory
md5sum: /var/cache/PackageKit: Is a directory
md5sum: /var/cache/PackageKit/downloads: Is a directory
md5sum: /var/mail: Is a directory
md5sum: /var/www: Is a directory
md5sum: /var/www/html: Is a directory
md5sum: /var/lock: Is a directory
md5sum: /var/tmp: Is a directory
md5sum: /var/backups: Is a directory
md5sum: /var/local: Is a directory
md5sum: /var/crash: Is a directory
md5sum: /var/spool: Is a directory
md5sum: /var/spool/cron: Is a directory
md5sum: /var/spool/mail: Is a directory
md5sum: /var/spool/anacron: Is a directory
md5sum: /var/run: Is a directory
md5sum: /var/snap: Is a directory
md5sum: /var/opt: Is a directory
md5sum: /var/lib: Is a directory
md5sum: /var/lib/nginx: Is a directory
md5sum: /var/lib/apt: Is a directory
md5sum: /var/lib/apt/lists: Is a directory
md5sum: /var/lib/apt/mirrors: Is a directory
md5sum: /var/lib/apt/periodic: Is a directory
md5sum: /var/lib/sgml-base: Is a directory
md5sum: /var/lib/alsa: Is a directory
md5sum: /var/lib/pam: Is a directory
md5sum: /var/lib/man-db: Is a directory
md5sum: /var/lib/xkb: Is a directory
md5sum: /var/lib/AccountsService: Is a directory
md5sum: /var/lib/AccountsService/icons: Is a directory
md5sum: /var/lib/AccountsService/users: Is a directory
md5sum: /var/lib/grub: Is a directory
md5sum: /var/lib/grub/ucf: Is a directory
md5sum: /var/lib/mlocate: Is a directory
md5sum: /var/lib/git: Is a directory
md5sum: /var/lib/usbutils: Is a directory
md5sum: /var/lib/python: Is a directory
md5sum: /var/lib/ubuntu-advantage: Is a directory
md5sum: /var/lib/ubuntu-advantage/messages: Is a directory
md5sum: /var/lib/dbus: Is a directory
md5sum: /var/lib/xfonts: Is a directory
md5sum: /var/lib/ureadahead: Is a directory
md5sum: /var/lib/ureadahead/debugfs: Is a directory
md5sum: /var/lib/gdm3: Is a directory
md5sum: /var/lib/gdm3/.config: Is a directory
md5sum: /var/lib/command-not-found: Is a directory
md5sum: /var/lib/misc: Is a directory
md5sum: /var/lib/vim: Is a directory
md5sum: /var/lib/vim/addons: Is a directory
md5sum: /var/lib/plymouth: Is a directory
md5sum: /var/lib/dpkg: Is a directory
md5sum: /var/lib/dpkg/alternatives: Is a directory
md5sum: /var/lib/dpkg/info: Is a directory
md5sum: /var/lib/dpkg/updates: Is a directory
md5sum: /var/lib/dpkg/parts: Is a directory
md5sum: /var/lib/dpkg/triggers: Is a directory
md5sum: /var/lib/lxd: Is a directory
md5sum: /var/lib/lxd/unix.socket: No such device or address
md5sum: /var/lib/aspell: Is a directory
md5sum: /var/lib/lxcfs: Is a directory
md5sum: /var/lib/lxcfs/proc: Is a directory
md5sum: /var/lib/lxcfs/cgroup: Is a directory
md5sum: /var/lib/ucf: Is a directory
md5sum: /var/lib/ucf/cache: Is a directory
md5sum: /var/lib/sudo: Is a directory
md5sum: /var/lib/sudo/lectured: Is a directory
md5sum: /var/lib/dkms: Is a directory
md5sum: /var/lib/colord: Is a directory
md5sum: /var/lib/colord/icc: Is a directory
md5sum: /var/lib/ghostscript: Is a directory
md5sum: /var/lib/ghostscript/fonts: Is a directory
md5sum: /var/lib/ghostscript/CMap: Is a directory
md5sum: /var/lib/cloud: Is a directory
md5sum: /var/lib/cloud/scripts: Is a directory
md5sum: /var/lib/cloud/sem: Is a directory
md5sum: /var/lib/cloud/handlers: Is a directory
md5sum: /var/lib/cloud/seed: Is a directory
md5sum: /var/lib/cloud/data: Is a directory
md5sum: /var/lib/cloud/instances: Is a directory
md5sum: /var/lib/cloud/instance: Is a directory
md5sum: /var/lib/dictionaries-common: Is a directory
md5sum: /var/lib/dictionaries-common/aspell: Is a directory
md5sum: /var/lib/ubuntu-release-upgrader: Is a directory
md5sum: /var/lib/xml-core: Is a directory
md5sum: /var/lib/unattended-upgrades: Is a directory
md5sum: /var/lib/logrotate: Is a directory
md5sum: /var/lib/ispell: Is a directory
md5sum: /var/lib/NetworkManager: Is a directory
md5sum: /var/lib/landscape: Is a directory
md5sum: /var/lib/initramfs-tools: Is a directory
md5sum: /var/lib/update-manager: Is a directory
md5sum: /var/lib/systemd: Is a directory
md5sum: /var/lib/systemd/deb-systemd-helper-masked: Is a directory
md5sum: /var/lib/systemd/catalog: Is a directory
md5sum: /var/lib/systemd/deb-systemd-helper-enabled: Is a directory
md5sum: /var/lib/systemd/coredump: Is a directory
md5sum: /var/lib/systemd/timers: Is a directory
md5sum: /var/lib/ubuntu-drivers-common: Is a directory
md5sum: /var/lib/update-notifier: Is a directory
md5sum: /var/lib/update-notifier/package-data-downloads: Is a directory
md5sum: /var/lib/update-notifier/user.d: Is a directory
md5sum: /var/lib/snapd: Is a directory
md5sum: /var/lib/snapd/firstboot: Is a directory
md5sum: /var/lib/snapd/seccomp: Is a directory
md5sum: /var/lib/snapd/snaps: Is a directory
md5sum: /var/lib/snapd/device: Is a directory
md5sum: /var/lib/snapd/inhibit: Is a directory
md5sum: /var/lib/snapd/environment: Is a directory
md5sum: /var/lib/snapd/desktop: Is a directory
md5sum: /var/lib/snapd/assertions: Is a directory
md5sum: /var/lib/snapd/auto-import: Is a directory
md5sum: /var/lib/snapd/apparmor: Is a directory
md5sum: /var/lib/snapd/features: Is a directory
md5sum: /var/lib/snapd/dbus-1: Is a directory
md5sum: /var/lib/snapd/lib: Is a directory
md5sum: /var/lib/snapd/ssl: Is a directory
md5sum: /var/lib/emacsen-common: Is a directory
md5sum: /var/lib/emacsen-common/state: Is a directory
md5sum: /var/lib/geoclue: Is a directory
md5sum: /var/lib/apport: Is a directory
md5sum: /var/lib/apport/coredump: Is a directory
md5sum: /var/lib/dhcp: Is a directory
md5sum: /var/lib/upower: Is a directory
md5sum: /var/lib/PackageKit: Is a directory
md5sum: /var/log: Is a directory
md5sum: /var/log/nginx: Is a directory
md5sum: /var/log/apt: Is a directory
md5sum: /var/log/dist-upgrade: Is a directory
md5sum: /var/log/journal: Is a directory
md5sum: /var/log/journal/0bfd01fafb31495c9b710a603856db4c: Is a directory
md5sum: /var/log/snort: Is a directory
md5sum: /var/log/proftpd: Is a directory
md5sum: /var/log/lxd: Is a directory
md5sum: /var/log/landscape: Is a directory
md5sum: /var/log/openvpn: Is a directory
